<?xml version="1.0" encoding="UTF-8"?>
<testng-results ignored="0" total="4" passed="4" failed="0" skipped="0">
  <reporter-output>
  </reporter-output>
  <suite started-at="2021-08-16T13:27:30 CST" name="Account Tests" finished-at="2021-08-16T13:28:20 CST" duration-ms="50015">
    <groups>
    </groups>
    <test started-at="2021-08-16T13:27:30 CST" name="Login Tests - Chrome" finished-at="2021-08-16T13:27:44 CST" duration-ms="13719">
      <class name="selenium.TestAccount">
        <test-method is-config="true" signature="beforeTest()[pri:0, instance:selenium.TestAccount@28c88600]" started-at="2021-08-16T13:27:30 CST" name="beforeTest" finished-at="2021-08-16T13:27:30 CST" duration-ms="33" status="PASS">
          <reporter-output>
          </reporter-output>
        </test-method> <!-- beforeTest -->
        <test-method is-config="true" signature="beforeMethod(java.lang.String)[pri:0, instance:selenium.TestAccount@28c88600]" started-at="2021-08-16T13:27:30 CST" name="beforeMethod" finished-at="2021-08-16T13:27:37 CST" duration-ms="6974" status="PASS">
          <params>
            <param index="0">
              <value>
                <![CDATA[chrome]]>
              </value>
            </param>
          </params>
          <reporter-output>
          </reporter-output>
        </test-method> <!-- beforeMethod -->
        <test-method signature="Test_Login_Successful()[pri:0, instance:selenium.TestAccount@28c88600]" started-at="2021-08-16T13:27:37 CST" name="Test_Login_Successful" description="Test Login Success" finished-at="2021-08-16T13:27:39 CST" duration-ms="1696" status="PASS">
          <reporter-output>
          </reporter-output>
        </test-method> <!-- Test_Login_Successful -->
        <test-method is-config="true" signature="AfterMethod()[pri:0, instance:selenium.TestAccount@28c88600]" started-at="2021-08-16T13:27:39 CST" name="AfterMethod" finished-at="2021-08-16T13:27:39 CST" duration-ms="403" status="PASS">
          <reporter-output>
          </reporter-output>
        </test-method> <!-- AfterMethod -->
        <test-method is-config="true" signature="beforeMethod(java.lang.String)[pri:0, instance:selenium.TestAccount@28c88600]" started-at="2021-08-16T13:27:39 CST" name="beforeMethod" finished-at="2021-08-16T13:27:42 CST" duration-ms="2731" status="PASS">
          <params>
            <param index="0">
              <value>
                <![CDATA[chrome]]>
              </value>
            </param>
          </params>
          <reporter-output>
          </reporter-output>
        </test-method> <!-- beforeMethod -->
        <test-method signature="Test_Login_Unsuccessful()[pri:0, instance:selenium.TestAccount@28c88600]" started-at="2021-08-16T13:27:42 CST" name="Test_Login_Unsuccessful" description="Test Login Not Success" finished-at="2021-08-16T13:27:43 CST" duration-ms="1280" status="PASS">
          <reporter-output>
          </reporter-output>
        </test-method> <!-- Test_Login_Unsuccessful -->
        <test-method is-config="true" signature="AfterMethod()[pri:0, instance:selenium.TestAccount@28c88600]" started-at="2021-08-16T13:27:43 CST" name="AfterMethod" finished-at="2021-08-16T13:27:44 CST" duration-ms="387" status="PASS">
          <reporter-output>
          </reporter-output>
        </test-method> <!-- AfterMethod -->
        <test-method is-config="true" signature="AfterTest()[pri:0, instance:selenium.TestAccount@28c88600]" started-at="2021-08-16T13:27:44 CST" name="AfterTest" finished-at="2021-08-16T13:27:44 CST" duration-ms="0" status="PASS">
          <reporter-output>
          </reporter-output>
        </test-method> <!-- AfterTest -->
      </class> <!-- selenium.TestAccount -->
    </test> <!-- Login Tests - Chrome -->
    <test started-at="2021-08-16T13:27:44 CST" name="Search Tests - Firefox" finished-at="2021-08-16T13:28:20 CST" duration-ms="36274">
      <class name="selenium.TestSearch">
        <test-method is-config="true" signature="beforeTest()[pri:0, instance:selenium.TestSearch@30b9eadd]" started-at="2021-08-16T13:27:44 CST" name="beforeTest" finished-at="2021-08-16T13:27:44 CST" duration-ms="1" status="PASS">
          <reporter-output>
          </reporter-output>
        </test-method> <!-- beforeTest -->
        <test-method is-config="true" signature="beforeMethod(java.lang.String)[pri:0, instance:selenium.TestSearch@30b9eadd]" started-at="2021-08-16T13:27:44 CST" name="beforeMethod" finished-at="2021-08-16T13:27:46 CST" duration-ms="1850" status="PASS">
          <params>
            <param index="0">
              <value>
                <![CDATA[chrome]]>
              </value>
            </param>
          </params>
          <reporter-output>
          </reporter-output>
        </test-method> <!-- beforeMethod -->
        <test-method signature="Test_Empty_Results()[pri:0, instance:selenium.TestSearch@30b9eadd]" started-at="2021-08-16T13:27:46 CST" name="Test_Empty_Results" finished-at="2021-08-16T13:28:16 CST" duration-ms="30589" status="PASS">
          <reporter-output>
          </reporter-output>
        </test-method> <!-- Test_Empty_Results -->
        <test-method is-config="true" signature="AfterMethod()[pri:0, instance:selenium.TestSearch@30b9eadd]" started-at="2021-08-16T13:28:16 CST" name="AfterMethod" finished-at="2021-08-16T13:28:17 CST" duration-ms="449" status="PASS">
          <reporter-output>
          </reporter-output>
        </test-method> <!-- AfterMethod -->
        <test-method is-config="true" signature="beforeMethod(java.lang.String)[pri:0, instance:selenium.TestSearch@30b9eadd]" started-at="2021-08-16T13:28:17 CST" name="beforeMethod" finished-at="2021-08-16T13:28:19 CST" duration-ms="2284" status="PASS">
          <params>
            <param index="0">
              <value>
                <![CDATA[chrome]]>
              </value>
            </param>
          </params>
          <reporter-output>
          </reporter-output>
        </test-method> <!-- beforeMethod -->
        <test-method signature="Validate_Search(java.lang.String, java.lang.String)[pri:0, instance:selenium.TestSearch@30b9eadd]" started-at="2021-08-16T13:28:19 CST" name="Validate_Search" finished-at="2021-08-16T13:28:20 CST" duration-ms="738" status="PASS">
          <params>
            <param index="0">
              <value>
                <![CDATA[iphone]]>
              </value>
            </param>
            <param index="1">
              <value>
                <![CDATA[1]]>
              </value>
            </param>
          </params>
          <reporter-output>
          </reporter-output>
        </test-method> <!-- Validate_Search -->
        <test-method is-config="true" signature="AfterMethod()[pri:0, instance:selenium.TestSearch@30b9eadd]" started-at="2021-08-16T13:28:20 CST" name="AfterMethod" finished-at="2021-08-16T13:28:20 CST" duration-ms="351" status="PASS">
          <reporter-output>
          </reporter-output>
        </test-method> <!-- AfterMethod -->
        <test-method is-config="true" signature="AfterTest()[pri:0, instance:selenium.TestSearch@30b9eadd]" started-at="2021-08-16T13:28:20 CST" name="AfterTest" finished-at="2021-08-16T13:28:20 CST" duration-ms="1" status="PASS">
          <reporter-output>
          </reporter-output>
        </test-method> <!-- AfterTest -->
      </class> <!-- selenium.TestSearch -->
    </test> <!-- Search Tests - Firefox -->
  </suite> <!-- Account Tests -->
</testng-results>
